<?xml version="1.0" encoding="UTF-8"?>
<robot generator="Robot 7.0 (Python 3.12.2 on win32)" generated="2024-04-29T21:34:20.871932" rpa="false" schemaversion="5">
<suite id="s1" name="Test Booker" source="c:\Users\Vicente\Documents\Iterasys\RobotBooker140\__tests__\api\test_booker.robot">
<kw name="Create Token" owner="common" type="SETUP">
<kw name="Create Dictionary" owner="BuiltIn">
<msg time="2024-04-29T21:34:21.192510" level="INFO">${body} = {'username': 'admin', 'password': 'password123'}</msg>
<var>${body}</var>
<arg>username=admin</arg>
<arg>password=password123</arg>
<doc>Creates and returns a dictionary based on the given ``items``.</doc>
<status status="PASS" start="2024-04-29T21:34:21.191478" elapsed="0.008105"/>
</kw>
<kw name="POST" owner="RequestsLibrary">
<msg time="2024-04-29T21:34:22.747093" level="INFO">POST Request : url=https://restful-booker.herokuapp.com/auth 
 path_url=/auth 
 headers={'User-Agent': 'python-requests/2.31.0', 'Accept-Encoding': 'gzip, deflate', 'Accept': '*/*', 'Connection': 'keep-alive', 'Content-Length': '48', 'Content-Type': 'application/json'} 
 body=b'{"username": "admin", "password": "password123"}' 
 </msg>
<msg time="2024-04-29T21:34:22.748090" level="INFO">POST Response : url=https://restful-booker.herokuapp.com/auth 
 status=200, reason=OK 
 headers={'Server': 'Cowboy', 'Report-To': '{"group":"heroku-nel","max_age":3600,"endpoints":[{"url":"https://nel.heroku.com/reports?ts=1714437263&amp;sid=c46efe9b-d3d2-4a0c-8c76-bfafa16c5add&amp;s=CUjnkQGtCX9yjHq1xiOV2motigwScNoGirqau4dSGzg%3D"}]}', 'Reporting-Endpoints': 'heroku-nel=https://nel.heroku.com/reports?ts=1714437263&amp;sid=c46efe9b-d3d2-4a0c-8c76-bfafa16c5add&amp;s=CUjnkQGtCX9yjHq1xiOV2motigwScNoGirqau4dSGzg%3D', 'Nel': '{"report_to":"heroku-nel","max_age":3600,"success_fraction":0.005,"failure_fraction":0.05,"response_headers":["Via"]}', 'Connection': 'keep-alive', 'X-Powered-By': 'Express', 'Content-Type': 'application/json; charset=utf-8', 'Content-Length': '27', 'Etag': 'W/"1b-J3z8wdGby1jY7nC4VL9lfogi/Xg"', 'Date': 'Tue, 30 Apr 2024 00:34:23 GMT', 'Via': '1.1 vegur'} 
 body={"token":"3e9713c1dba9317"} 
 </msg>
<msg time="2024-04-29T21:34:22.749125" level="INFO">${response} = &lt;Response [200]&gt;</msg>
<var>${response}</var>
<arg>url=${url}/auth</arg>
<arg>json=${body}</arg>
<doc>Sends a POST request.</doc>
<status status="PASS" start="2024-04-29T21:34:21.200611" elapsed="1.548514"/>
</kw>
<kw name="Status Should Be" owner="RequestsLibrary">
<arg>200</arg>
<doc>Fails if response status code is different than the expected.</doc>
<status status="PASS" start="2024-04-29T21:34:22.749125" elapsed="0.000993"/>
</kw>
<kw name="Set Variable" owner="BuiltIn">
<msg time="2024-04-29T21:34:22.752114" level="INFO">${token} = 3e9713c1dba9317</msg>
<var>${token}</var>
<arg>${response.json()}[token]</arg>
<doc>Returns the given values which can then be assigned to a variables.</doc>
<status status="PASS" start="2024-04-29T21:34:22.750118" elapsed="0.001996"/>
</kw>
<kw name="Set Suite Variable" owner="BuiltIn">
<msg time="2024-04-29T21:34:22.753111" level="INFO">${token} = 3e9713c1dba9317</msg>
<arg>${token}</arg>
<doc>Makes a variable available everywhere within the scope of the current suite.</doc>
<status status="PASS" start="2024-04-29T21:34:22.752114" elapsed="0.000997"/>
</kw>
<kw name="Log To Console" owner="BuiltIn">
<arg>${token}</arg>
<doc>Logs the given message to the console.</doc>
<status status="PASS" start="2024-04-29T21:34:22.754110" elapsed="0.001001"/>
</kw>
<arg>${url}</arg>
<status status="PASS" start="2024-04-29T21:34:21.190479" elapsed="1.565146"/>
</kw>
<test id="s1-t1" name="Get Booking" line="22">
<kw name="Get Booking Id" owner="common">
<kw name="GET" owner="RequestsLibrary">
<msg time="2024-04-29T21:34:24.481315" level="INFO">GET Request : url=https://restful-booker.herokuapp.com/booking?firstname=Luciana&amp;lastname=Camargo 
 path_url=/booking?firstname=Luciana&amp;lastname=Camargo 
 headers={'User-Agent': 'python-requests/2.31.0', 'Accept-Encoding': 'gzip, deflate', 'Accept': '*/*', 'Connection': 'keep-alive'} 
 body=None 
 </msg>
<msg time="2024-04-29T21:34:24.483037" level="INFO">GET Response : url=https://restful-booker.herokuapp.com/booking?firstname=Luciana&amp;lastname=Camargo 
 status=200, reason=OK 
 headers={'Server': 'Cowboy', 'Report-To': '{"group":"heroku-nel","max_age":3600,"endpoints":[{"url":"https://nel.heroku.com/reports?ts=1714437265&amp;sid=c46efe9b-d3d2-4a0c-8c76-bfafa16c5add&amp;s=Pw3qAhXKyIC918%2FdZ3XqnONb72vVRPSiTAORaNr%2FLuo%3D"}]}', 'Reporting-Endpoints': 'heroku-nel=https://nel.heroku.com/reports?ts=1714437265&amp;sid=c46efe9b-d3d2-4a0c-8c76-bfafa16c5add&amp;s=Pw3qAhXKyIC918%2FdZ3XqnONb72vVRPSiTAORaNr%2FLuo%3D', 'Nel': '{"report_to":"heroku-nel","max_age":3600,"success_fraction":0.005,"failure_fraction":0.05,"response_headers":["Via"]}', 'Connection': 'keep-alive', 'X-Powered-By': 'Express', 'Content-Type': 'application/json; charset=utf-8', 'Content-Length': '56', 'Etag': 'W/"38-I5Ae1oQEFfG7queBhp6sAPGP658"', 'Date': 'Tue, 30 Apr 2024 00:34:25 GMT', 'Via': '1.1 vegur'} 
 body=[{"bookingid":470},{"bookingid":987},{"bookingid":1407}] 
 </msg>
<msg time="2024-04-29T21:34:24.485035" level="INFO">${response} = &lt;Response [200]&gt;</msg>
<var>${response}</var>
<arg>url=${url}/booking?firstname=${firstname}&amp;lastname=${lastname}</arg>
<doc>Sends a GET request.</doc>
<status status="PASS" start="2024-04-29T21:34:22.761417" elapsed="1.724611"/>
</kw>
<kw name="Set Variable" owner="BuiltIn">
<msg time="2024-04-29T21:34:24.493012" level="INFO">${response_body} = [{'bookingid': 470}, {'bookingid': 987}, {'bookingid': 1407}]</msg>
<var>${response_body}</var>
<arg>${response.json()}</arg>
<doc>Returns the given values which can then be assigned to a variables.</doc>
<status status="PASS" start="2024-04-29T21:34:24.489023" elapsed="0.004985"/>
</kw>
<kw name="Log To Console" owner="BuiltIn">
<arg>${response_body}</arg>
<doc>Logs the given message to the console.</doc>
<status status="PASS" start="2024-04-29T21:34:24.495006" elapsed="0.006981"/>
</kw>
<kw name="Status Should Be" owner="RequestsLibrary">
<arg>200</arg>
<doc>Fails if response status code is different than the expected.</doc>
<status status="PASS" start="2024-04-29T21:34:24.503984" elapsed="0.000993"/>
</kw>
<kw name="Set Variable" owner="BuiltIn">
<msg time="2024-04-29T21:34:24.506971" level="INFO">${booking_id} = 470</msg>
<var>${booking_id}</var>
<arg>${response_body}[0][bookingid]</arg>
<doc>Returns the given values which can then be assigned to a variables.</doc>
<status status="PASS" start="2024-04-29T21:34:24.505976" elapsed="0.001995"/>
</kw>
<kw name="Set Suite Variable" owner="BuiltIn">
<msg time="2024-04-29T21:34:24.510964" level="INFO">${booking_id} = 470</msg>
<arg>${booking_id}</arg>
<doc>Makes a variable available everywhere within the scope of the current suite.</doc>
<status status="PASS" start="2024-04-29T21:34:24.508972" elapsed="0.002987"/>
</kw>
<arg>${url}</arg>
<arg>${firstname}</arg>
<arg>${lastname}</arg>
<status status="PASS" start="2024-04-29T21:34:22.759629" elapsed="1.752330"/>
</kw>
<kw name="GET" owner="RequestsLibrary">
<msg time="2024-04-29T21:34:26.080533" level="INFO">GET Request : url=https://restful-booker.herokuapp.com/booking/470 
 path_url=/booking/470 
 headers={'User-Agent': 'python-requests/2.31.0', 'Accept-Encoding': 'gzip, deflate', 'Accept': '*/*', 'Connection': 'keep-alive'} 
 body=None 
 </msg>
<msg time="2024-04-29T21:34:26.082701" level="INFO">GET Response : url=https://restful-booker.herokuapp.com/booking/470 
 status=200, reason=OK 
 headers={'Server': 'Cowboy', 'Report-To': '{"group":"heroku-nel","max_age":3600,"endpoints":[{"url":"https://nel.heroku.com/reports?ts=1714437266&amp;sid=c46efe9b-d3d2-4a0c-8c76-bfafa16c5add&amp;s=CVykUYmjzNoW9NTl5ErlFD0PEJ4nFGozoU%2BW7eGsNAE%3D"}]}', 'Reporting-Endpoints': 'heroku-nel=https://nel.heroku.com/reports?ts=1714437266&amp;sid=c46efe9b-d3d2-4a0c-8c76-bfafa16c5add&amp;s=CVykUYmjzNoW9NTl5ErlFD0PEJ4nFGozoU%2BW7eGsNAE%3D', 'Nel': '{"report_to":"heroku-nel","max_age":3600,"success_fraction":0.005,"failure_fraction":0.05,"response_headers":["Via"]}', 'Connection': 'keep-alive', 'X-Powered-By': 'Express', 'Content-Type': 'application/json; charset=utf-8', 'Content-Length': '174', 'Etag': 'W/"ae-bOMIFEk43Lgj2Y/Ui/YH5pfRY/Y"', 'Date': 'Tue, 30 Apr 2024 00:34:26 GMT', 'Via': '1.1 vegur'} 
 body={"firstname":"Luciana","lastname":"Camargo","totalprice":60,"depositpaid":false,"bookingdates":{"checkin":"2024-04-27","checkout":"2024-04-27"},"additionalneeds":"Breakfast"} 
 </msg>
<msg time="2024-04-29T21:34:26.082701" level="INFO">${response} = &lt;Response [200]&gt;</msg>
<var>${response}</var>
<arg>url=${url}/booking/${booking_id}</arg>
<doc>Sends a GET request.</doc>
<status status="PASS" start="2024-04-29T21:34:24.513956" elapsed="1.569745"/>
</kw>
<kw name="Set Variable" owner="BuiltIn">
<msg time="2024-04-29T21:34:26.089684" level="INFO">${response_body} = {'firstname': 'Luciana', 'lastname': 'Camargo', 'totalprice': 60, 'depositpaid': False, 'bookingdates': {'checkin': '2024-04-27', 'checkout': '2024-04-27'}, 'additionalneeds': 'Breakfast'}</msg>
<var>${response_body}</var>
<arg>${response.json()}</arg>
<doc>Returns the given values which can then be assigned to a variables.</doc>
<status status="PASS" start="2024-04-29T21:34:26.087690" elapsed="0.002992"/>
</kw>
<kw name="Log To Console" owner="BuiltIn">
<arg>${response_body}</arg>
<doc>Logs the given message to the console.</doc>
<status status="PASS" start="2024-04-29T21:34:26.092586" elapsed="0.001994"/>
</kw>
<kw name="Should Be Equal" owner="BuiltIn">
<arg>${response_body}[firstname]</arg>
<arg>${firstname}</arg>
<doc>Fails if the given objects are unequal.</doc>
<status status="PASS" start="2024-04-29T21:34:26.096574" elapsed="0.000997"/>
</kw>
<kw name="Should Be Equal" owner="BuiltIn">
<arg>${response_body}[lastname]</arg>
<arg>${lastname}</arg>
<doc>Fails if the given objects are unequal.</doc>
<status status="PASS" start="2024-04-29T21:34:26.098570" elapsed="0.001147"/>
</kw>
<kw name="Should Be Equal" owner="BuiltIn">
<arg>${response_body}[totalprice]</arg>
<arg>${totalprice}</arg>
<doc>Fails if the given objects are unequal.</doc>
<status status="PASS" start="2024-04-29T21:34:26.101715" elapsed="0.000997"/>
</kw>
<kw name="Should Be Equal" owner="BuiltIn">
<arg>${response_body}[depositpaid]</arg>
<arg>${depositpaid}</arg>
<doc>Fails if the given objects are unequal.</doc>
<status status="PASS" start="2024-04-29T21:34:26.103709" elapsed="0.000996"/>
</kw>
<kw name="Should Be Equal" owner="BuiltIn">
<arg>${response_body}[bookingdates][checkin]</arg>
<arg>${bookingdates}[checkin]</arg>
<doc>Fails if the given objects are unequal.</doc>
<status status="PASS" start="2024-04-29T21:34:26.105704" elapsed="0.000997"/>
</kw>
<kw name="Should Be Equal" owner="BuiltIn">
<arg>${response_body}[bookingdates][checkout]</arg>
<arg>${bookingdates}[checkout]</arg>
<doc>Fails if the given objects are unequal.</doc>
<status status="PASS" start="2024-04-29T21:34:26.108713" elapsed="0.000980"/>
</kw>
<kw name="Should Be Equal" owner="BuiltIn">
<arg>${response_body}[additionalneeds]</arg>
<arg>${additionalneeds}</arg>
<doc>Fails if the given objects are unequal.</doc>
<status status="PASS" start="2024-04-29T21:34:26.110690" elapsed="0.000997"/>
</kw>
<status status="PASS" start="2024-04-29T21:34:22.756625" elapsed="3.356059"/>
</test>
<status status="PASS" start="2024-04-29T21:34:20.885889" elapsed="5.229787"/>
</suite>
<statistics>
<total>
<stat pass="1" fail="0" skip="0">All Tests</stat>
</total>
<tag>
</tag>
<suite>
<stat pass="1" fail="0" skip="0" id="s1" name="Test Booker">Test Booker</stat>
</suite>
</statistics>
<errors>
</errors>
</robot>
